  main.cpp
C:\Users\USER\Documents\data-structure-lab 2026-4\Lec10_Graph\Lec10_Graph\AdjMatGraph.h(157,31): error C2059: 구문 오류: ')'
  (소스 파일 'main.cpp'을(를) 컴파일하는 중)
  
C:\Users\USER\Documents\data-structure-lab 2026-4\Lec10_Graph\Lec10_Graph\AdjMatGraph.h(161,16): error C2061: 구문 오류: 식별자 'fp'
  (소스 파일 'main.cpp'을(를) 컴파일하는 중)
  
C:\Users\USER\Documents\data-structure-lab 2026-4\Lec10_Graph\Lec10_Graph\AdjMatGraph.h(161,19): error C4430: 형식 지정자가 없습니다. int로 가정합니다. 참고: C++에서는 기본 int를 지원하지 않습니다.
  (소스 파일 'main.cpp'을(를) 컴파일하는 중)
  
C:\Users\USER\Documents\data-structure-lab 2026-4\Lec10_Graph\Lec10_Graph\AdjMatGraph.h(161,19): warning C4183: 'fclose': 반환 형식이 없습니다. 'int'를 반환하는 멤버 함수로 간주됩니다.
  (소스 파일 'main.cpp'을(를) 컴파일하는 중)
  
C:\Users\USER\Documents\data-structure-lab 2026-4\Lec10_Graph\Lec10_Graph\AdjMatGraph.h(163,1): error C2059: 구문 오류: '}'
  (소스 파일 'main.cpp'을(를) 컴파일하는 중)
  
C:\Users\USER\Documents\data-structure-lab 2026-4\Lec10_Graph\Lec10_Graph\AdjMatGraph.h(163,1): error C2143: 구문 오류: ';'이(가) '}' 앞에 없습니다.
  (소스 파일 'main.cpp'을(를) 컴파일하는 중)
  
C:\Users\USER\Documents\data-structure-lab 2026-4\Lec10_Graph\Lec10_Graph\AdjMatGraph.h(141,24): error C2065: 'i': 선언되지 않은 식별자입니다.
  (소스 파일 'main.cpp'을(를) 컴파일하는 중)
  
C:\Users\USER\Documents\data-structure-lab 2026-4\Lec10_Graph\Lec10_Graph\AdjMatGraph.h(141,27): error C2065: 'j': 선언되지 않은 식별자입니다.
  (소스 파일 'main.cpp'을(를) 컴파일하는 중)
  
C:\Users\USER\Documents\data-structure-lab 2026-4\Lec10_Graph\Lec10_Graph\AdjMatGraph.h(153,30): warning C4477: 'fscanf_s' : 서식 문자열 '%s'에 'unsigned int' 형식의 인수가 필요하지만 variadic 인수 2의 형식이 'size_t'입니다.
  (소스 파일 'main.cpp'을(를) 컴파일하는 중)
  C:\Users\USER\Documents\data-structure-lab 2026-4\Lec10_Graph\Lec10_Graph\AdjMatGraph.h(153,30):
  이 인수는 버퍼 크기로 사용됩니다.
  
C:\Users\USER\Documents\data-structure-lab 2026-4\Lec10_Graph\Lec10_Graph\AdjMatGraph.h(154,17): error C3861: 'insetVertex': 식별자를 찾을 수 없습니다.
  (소스 파일 'main.cpp'을(를) 컴파일하는 중)
  
C:\Users\USER\Documents\data-structure-lab 2026-4\Lec10_Graph\Lec10_Graph\AdjMatGraph.h(157,31): error C2143: 구문 오류: ';'이(가) '}' 앞에 없습니다.
  (소스 파일 'main.cpp'을(를) 컴파일하는 중)
  
C:\Users\USER\Documents\data-structure-lab 2026-4\Lec10_Graph\Lec10_Graph\AdjMatGraph.h(157,1): error C3867: 'WGraph::insertEdge': 비표준 구문입니다. '&'를 사용하여 멤버 포인터를 만드세요.
  (소스 파일 'main.cpp'을(를) 컴파일하는 중)
  
C:\Users\USER\Documents\data-structure-lab 2026-4\Lec10_Graph\Lec10_Graph\AdjMatGraph.h(157,36): error C2065: 'j': 선언되지 않은 식별자입니다.
  (소스 파일 'main.cpp'을(를) 컴파일하는 중)
  
C:\Users\USER\Documents\data-structure-lab 2026-4\Lec10_Graph\Lec10_Graph\main.cpp(6,1): warning C4326: 'main'의 반환 형식이 'int'이어야 하는데 'void'입니다.
C:\Users\USER\Documents\data-structure-lab 2026-4\Lec10_Graph\Lec10_Graph\main.cpp(13,6): error C2660: 'WGraph::insertEdge': 함수는 2개의 인수를 사용하지 않습니다.
  C:\Users\USER\Documents\data-structure-lab 2026-4\Lec10_Graph\Lec10_Graph\AdjMatGraph.h(135,10):
  'WGraph::insertEdge' 선언을 참조하십시오.
  C:\Users\USER\Documents\data-structure-lab 2026-4\Lec10_Graph\Lec10_Graph\main.cpp(13,6):
  인수 목록 '(int, int)'을(를) 일치시키는 동안
  
C:\Users\USER\Documents\data-structure-lab 2026-4\Lec10_Graph\Lec10_Graph\main.cpp(14,6): error C2660: 'WGraph::insertEdge': 함수는 2개의 인수를 사용하지 않습니다.
  C:\Users\USER\Documents\data-structure-lab 2026-4\Lec10_Graph\Lec10_Graph\AdjMatGraph.h(135,10):
  'WGraph::insertEdge' 선언을 참조하십시오.
  C:\Users\USER\Documents\data-structure-lab 2026-4\Lec10_Graph\Lec10_Graph\main.cpp(14,6):
  인수 목록 '(int, int)'을(를) 일치시키는 동안
  
C:\Users\USER\Documents\data-structure-lab 2026-4\Lec10_Graph\Lec10_Graph\main.cpp(15,6): error C2660: 'WGraph::insertEdge': 함수는 2개의 인수를 사용하지 않습니다.
  C:\Users\USER\Documents\data-structure-lab 2026-4\Lec10_Graph\Lec10_Graph\AdjMatGraph.h(135,10):
  'WGraph::insertEdge' 선언을 참조하십시오.
  C:\Users\USER\Documents\data-structure-lab 2026-4\Lec10_Graph\Lec10_Graph\main.cpp(15,6):
  인수 목록 '(int, int)'을(를) 일치시키는 동안
  
C:\Users\USER\Documents\data-structure-lab 2026-4\Lec10_Graph\Lec10_Graph\main.cpp(16,6): error C2660: 'WGraph::insertEdge': 함수는 2개의 인수를 사용하지 않습니다.
  C:\Users\USER\Documents\data-structure-lab 2026-4\Lec10_Graph\Lec10_Graph\AdjMatGraph.h(135,10):
  'WGraph::insertEdge' 선언을 참조하십시오.
  C:\Users\USER\Documents\data-structure-lab 2026-4\Lec10_Graph\Lec10_Graph\main.cpp(16,6):
  인수 목록 '(int, int)'을(를) 일치시키는 동안
  
C:\Users\USER\Documents\data-structure-lab 2026-4\Lec10_Graph\Lec10_Graph\main.cpp(17,6): error C2660: 'WGraph::insertEdge': 함수는 2개의 인수를 사용하지 않습니다.
  C:\Users\USER\Documents\data-structure-lab 2026-4\Lec10_Graph\Lec10_Graph\AdjMatGraph.h(135,10):
  'WGraph::insertEdge' 선언을 참조하십시오.
  C:\Users\USER\Documents\data-structure-lab 2026-4\Lec10_Graph\Lec10_Graph\main.cpp(17,6):
  인수 목록 '(int, int)'을(를) 일치시키는 동안
  
C:\Users\USER\Documents\data-structure-lab 2026-4\Lec10_Graph\Lec10_Graph\main.cpp(18,6): error C2660: 'WGraph::insertEdge': 함수는 2개의 인수를 사용하지 않습니다.
  C:\Users\USER\Documents\data-structure-lab 2026-4\Lec10_Graph\Lec10_Graph\AdjMatGraph.h(135,10):
  'WGraph::insertEdge' 선언을 참조하십시오.
  C:\Users\USER\Documents\data-structure-lab 2026-4\Lec10_Graph\Lec10_Graph\main.cpp(18,6):
  인수 목록 '(int, int)'을(를) 일치시키는 동안
  
C:\Users\USER\Documents\data-structure-lab 2026-4\Lec10_Graph\Lec10_Graph\main.cpp(28,7): error C2039: 'resetVisited': 'WGraph'의 멤버가 아닙니다.
  C:\Users\USER\Documents\data-structure-lab 2026-4\Lec10_Graph\Lec10_Graph\AdjMatGraph.h(133,7):
  'WGraph' 선언을 참조하십시오.
  
C:\Users\USER\Documents\data-structure-lab 2026-4\Lec10_Graph\Lec10_Graph\main.cpp(29,7): error C2039: 'DFS': 'WGraph'의 멤버가 아닙니다.
  C:\Users\USER\Documents\data-structure-lab 2026-4\Lec10_Graph\Lec10_Graph\AdjMatGraph.h(133,7):
  'WGraph' 선언을 참조하십시오.
  
C:\Users\USER\Documents\data-structure-lab 2026-4\Lec10_Graph\Lec10_Graph\main.cpp(41,1): error C2059: 구문 오류: '}'
C:\Users\USER\Documents\data-structure-lab 2026-4\Lec10_Graph\Lec10_Graph\main.cpp(41,1): error C2143: 구문 오류: ';'이(가) '}' 앞에 없습니다.
