  cartest.cpp
C:\Users\USER\Documents\data-structure-lab 2026-4\Lec04_Array_Class\Car_Class\car.h(4,11): error C2011: 'Car': 'class' 형식 재정의
  (소스 파일 'cartest.cpp'을(를) 컴파일하는 중)
  C:\Users\USER\Documents\data-structure-lab 2026-4\Lec04_Array_Class\Car_Class\car.h(4,7):
  'Car' 선언을 참조하십시오.
  
C:\Users\USER\Documents\data-structure-lab 2026-4\Lec04_Array_Class\Car_Class\SportsCar.h(3,26): error C2504: 'Car': 기본 클래스를 정의하지 않았습니다.
  (소스 파일 'cartest.cpp'을(를) 컴파일하는 중)
  
C:\Users\USER\Documents\data-structure-lab 2026-4\Lec04_Array_Class\Car_Class\SportsCar.h(9,15): error C2065: 'speed': 선언되지 않은 식별자입니다.
  (소스 파일 'cartest.cpp'을(를) 컴파일하는 중)
  
C:\Users\USER\Documents\data-structure-lab 2026-4\Lec04_Array_Class\Car_Class\SportsCar.h(10,13): error C2027: 정의되지 않은 형식 'Car'을(를) 사용했습니다.
  (소스 파일 'cartest.cpp'을(를) 컴파일하는 중)
  C:\Users\USER\Documents\data-structure-lab 2026-4\Lec04_Array_Class\Car_Class\car.h(4,7):
  'Car' 선언을 참조하십시오.
  
C:\Users\USER\Documents\data-structure-lab 2026-4\Lec04_Array_Class\Car_Class\cartest.cpp(7,9): error C2079: 'c1'은(는) 정의되지 않은 class 'Car'을(를) 사용합니다.
C:\Users\USER\Documents\data-structure-lab 2026-4\Lec04_Array_Class\Car_Class\cartest.cpp(7,11): error C2440: '초기화 중': 'initializer list'에서 'int'(으)로 변환할 수 없습니다.
  C:\Users\USER\Documents\data-structure-lab 2026-4\Lec04_Array_Class\Car_Class\cartest.cpp(7,11):
  이니셜라이저에 요소가 너무 많습니다.
  
C:\Users\USER\Documents\data-structure-lab 2026-4\Lec04_Array_Class\Car_Class\cartest.cpp(11,8): error C2039: 'changeGear': 'SportsCar'의 멤버가 아닙니다.
  C:\Users\USER\Documents\data-structure-lab 2026-4\Lec04_Array_Class\Car_Class\SportsCar.h(3,7):
  'SportsCar' 선언을 참조하십시오.
  
C:\Users\USER\Documents\data-structure-lab 2026-4\Lec04_Array_Class\Car_Class\cartest.cpp(13,8): error C2039: 'display': 'SportsCar'의 멤버가 아닙니다.
  C:\Users\USER\Documents\data-structure-lab 2026-4\Lec04_Array_Class\Car_Class\SportsCar.h(3,7):
  'SportsCar' 선언을 참조하십시오.
  
